Godot Engine v3.3.4.stable.official.faf3f883d - https://godotengine.org
OpenGL ES 3.0 Renderer: NVIDIA GeForce RTX 4050 Laptop GPU/PCIe/SSE2
OpenGL ES Batching: ON
 
**ERROR**: Resource file not found: res://assets/kenney_nature-kit/Models/FBX format/cactus_tall.fbx.
   At: core/io/resource_loader.cpp:287:_load() - Condition "!file_check->file_exists(p_path)" is true. Returned: RES()
**ERROR**: res://cactus_tall.tscn:3 - Parse Error: [ext_resource] referenced nonexistent resource at: res://assets/kenney_nature-kit/Models/FBX format/cactus_tall.fbx
   At: scene/resources/resource_format_text.cpp:440:poll() - res://cactus_tall.tscn:3 - Parse Error: [ext_resource] referenced nonexistent resource at: res://assets/kenney_nature-kit/Models/FBX format/cactus_tall.fbx
**ERROR**: Failed to load resource 'res://cactus_tall.tscn'.
   At: core/io/resource_loader.cpp:212:load() - Condition "err != OK" is true. Returned: RES()
**ERROR**: Failed loading resource: res://cactus_tall.tscn. Make sure resources have been imported by opening the project in the editor at least once.
   At: core/io/resource_loader.cpp:282:_load() - Condition "found" is true. Returned: RES()
**ERROR**: res://utsav2k24/world.tscn:3 - Parse Error: [ext_resource] referenced nonexistent resource at: res://cactus_tall.tscn
   At: scene/resources/resource_format_text.cpp:440:poll() - res://utsav2k24/world.tscn:3 - Parse Error: [ext_resource] referenced nonexistent resource at: res://cactus_tall.tscn
**ERROR**: Failed to load resource 'res://utsav2k24/world.tscn'.
   At: core/io/resource_loader.cpp:212:load() - Condition "err != OK" is true. Returned: RES()
**ERROR**: Failed loading resource: res://utsav2k24/world.tscn. Make sure resources have been imported by opening the project in the editor at least once.
   At: core/io/resource_loader.cpp:282:_load() - Condition "found" is true. Returned: RES()
**ERROR**: Failed loading scene: res://utsav2k24/world.tscn
   At: main/main.cpp:1961:start() - Condition "!scene" is true. Returned: false
**WARNING**: ObjectDB instances leaked at exit (run with --verbose for details).
   At: core/object.cpp:2132:cleanup() - ObjectDB instances leaked at exit (run with --verbose for details).
